{
  "RSpec": {
    "coverage": {
      "/Users/santossolorzano/GitHub/3d-printing-management-system/app/helpers/accounts_helper.rb": [
        1,
        null
      ],
      "/Users/santossolorzano/GitHub/3d-printing-management-system/app/helpers/application_helper.rb": [
        1,
        null
      ],
      "/Users/santossolorzano/GitHub/3d-printing-management-system/app/helpers/layouts_helper.rb": [
        1,
        null
      ],
      "/Users/santossolorzano/GitHub/3d-printing-management-system/app/helpers/print_helper.rb": [
        1,
        null
      ],
      "/Users/santossolorzano/GitHub/3d-printing-management-system/app/helpers/sessions_helper.rb": [
        1,
        null
      ],
      "/Users/santossolorzano/GitHub/3d-printing-management-system/app/helpers/students_helper.rb": [
        1,
        null
      ],
      "/Users/santossolorzano/GitHub/3d-printing-management-system/app/controllers/admins_controller.rb": [
        1,
        1,
        null,
        1,
        null,
        null,
        null,
        1,
        1,
        null,
        null,
        1,
        1,
        0,
        0,
        0,
        null,
        0,
        null,
        null,
        null,
        1,
        null,
        1,
        1,
        null,
        null,
        null
      ],
      "/Users/santossolorzano/GitHub/3d-printing-management-system/app/controllers/application_controller.rb": [
        1,
        null,
        null,
        1,
        null,
        1,
        null,
        1,
        5,
        null,
        null,
        1,
        5,
        null,
        null
      ],
      "/Users/santossolorzano/GitHub/3d-printing-management-system/app/controllers/prints_controller.rb": [
        1,
        1,
        null,
        null,
        1,
        1,
        null,
        null,
        null,
        null,
        1,
        1,
        1,
        0,
        0,
        null,
        0,
        0,
        0,
        0,
        null,
        0,
        0,
        0,
        null,
        0,
        null,
        null,
        null,
        0,
        null,
        0,
        0,
        null,
        0,
        null,
        0,
        0,
        null,
        0,
        0,
        null,
        1,
        null,
        null,
        1,
        null,
        null,
        null,
        1,
        1,
        null,
        null,
        1,
        0,
        null,
        null,
        1,
        0,
        null,
        null,
        null,
        null,
        1,
        1,
        1,
        1,
        1,
        1,
        1,
        2,
        null,
        0,
        null,
        null,
        null,
        null,
        1,
        null,
        1,
        0,
        null,
        null,
        1,
        0,
        0,
        0,
        null,
        0,
        null,
        null,
        1,
        0,
        0,
        0,
        0,
        0,
        0,
        0,
        0,
        null,
        null,
        null,
        null,
        null,
        null
      ],
      "/Users/santossolorzano/GitHub/3d-printing-management-system/app/controllers/sessions_controller.rb": [
        1,
        1,
        null,
        null,
        1,
        1,
        1,
        0,
        0,
        null,
        1,
        1,
        null,
        null,
        null,
        1,
        0,
        0,
        null,
        null
      ],
      "/Users/santossolorzano/GitHub/3d-printing-management-system/app/controllers/students_controller.rb": [
        1,
        1,
        null,
        1,
        2,
        null,
        null,
        1,
        1,
        null,
        null,
        1,
        0,
        0,
        0,
        null,
        0,
        null,
        0,
        null,
        null,
        1,
        null,
        1,
        0,
        null,
        null
      ],
      "/Users/santossolorzano/GitHub/3d-printing-management-system/app/models/student.rb": [
        1,
        null
      ],
      "/Users/santossolorzano/GitHub/3d-printing-management-system/app/models/admin.rb": [
        1,
        1,
        null
      ],
      "/Users/santossolorzano/GitHub/3d-printing-management-system/app/models/print.rb": [
        1,
        null,
        1,
        null,
        null
      ],
      "/Users/santossolorzano/GitHub/3d-printing-management-system/app/controllers/layouts_controller.rb": [
        0,
        0,
        0,
        0
      ]
    },
    "timestamp": 1461634095
  },
  "Cucumber Features": {
    "coverage": {
      "/Users/santossolorzano/GitHub/3d-printing-management-system/app/models/admin.rb": [
        1,
        1,
        null
      ],
      "/Users/santossolorzano/GitHub/3d-printing-management-system/app/controllers/sessions_controller.rb": [
        1,
        1,
        null,
        null,
        1,
        9,
        9,
        5,
        5,
        null,
        4,
        4,
        null,
        null,
        null,
        1,
        1,
        1,
        null,
        null
      ],
      "/Users/santossolorzano/GitHub/3d-printing-management-system/app/controllers/application_controller.rb": [
        1,
        null,
        null,
        1,
        null,
        1,
        null,
        1,
        92,
        null,
        null,
        1,
        18,
        null,
        null
      ],
      "/Users/santossolorzano/GitHub/3d-printing-management-system/app/helpers/application_helper.rb": [
        1,
        null
      ],
      "/Users/santossolorzano/GitHub/3d-printing-management-system/app/helpers/accounts_helper.rb": [
        1,
        null
      ],
      "/Users/santossolorzano/GitHub/3d-printing-management-system/app/helpers/layouts_helper.rb": [
        1,
        null
      ],
      "/Users/santossolorzano/GitHub/3d-printing-management-system/app/helpers/print_helper.rb": [
        1,
        null
      ],
      "/Users/santossolorzano/GitHub/3d-printing-management-system/app/helpers/sessions_helper.rb": [
        1,
        null
      ],
      "/Users/santossolorzano/GitHub/3d-printing-management-system/app/helpers/students_helper.rb": [
        1,
        null
      ],
      "/Users/santossolorzano/GitHub/3d-printing-management-system/app/controllers/admins_controller.rb": [
        1,
        1,
        null,
        1,
        null,
        null,
        null,
        1,
        1,
        null,
        null,
        1,
        1,
        1,
        1,
        1,
        null,
        0,
        null,
        null,
        null,
        1,
        null,
        1,
        1,
        null,
        null,
        null
      ],
      "/Users/santossolorzano/GitHub/3d-printing-management-system/app/controllers/prints_controller.rb": [
        1,
        1,
        null,
        null,
        1,
        17,
        null,
        null,
        null,
        null,
        1,
        2,
        2,
        1,
        1,
        null,
        1,
        1,
        1,
        1,
        null,
        1,
        1,
        0,
        null,
        1,
        null,
        null,
        null,
        1,
        null,
        1,
        1,
        null,
        1,
        null,
        1,
        1,
        null,
        1,
        1,
        null,
        1,
        null,
        null,
        2,
        null,
        null,
        null,
        1,
        2,
        null,
        null,
        1,
        0,
        null,
        null,
        1,
        0,
        null,
        null,
        null,
        null,
        1,
        1,
        1,
        1,
        1,
        1,
        1,
        2,
        null,
        0,
        null,
        null,
        null,
        null,
        1,
        null,
        1,
        0,
        null,
        null,
        1,
        1,
        1,
        1,
        null,
        0,
        null,
        null,
        1,
        1,
        1,
        1,
        1,
        1,
        1,
        1,
        1,
        null,
        null,
        null,
        null,
        null,
        null
      ],
      "/Users/santossolorzano/GitHub/3d-printing-management-system/app/models/print.rb": [
        1,
        null,
        1,
        null,
        null
      ],
      "/Users/santossolorzano/GitHub/3d-printing-management-system/app/controllers/students_controller.rb": [
        1,
        1,
        null,
        1,
        2,
        null,
        null,
        1,
        5,
        null,
        null,
        1,
        1,
        1,
        1,
        null,
        0,
        null,
        1,
        null,
        null,
        1,
        null,
        1,
        1,
        null,
        null
      ],
      "/Users/santossolorzano/GitHub/3d-printing-management-system/app/models/student.rb": [
        1,
        null
      ],
      "/Users/santossolorzano/GitHub/3d-printing-management-system/app/controllers/layouts_controller.rb": [
        0,
        0,
        0,
        0
      ]
    },
    "timestamp": 1461633820
  }
}
